[0.139s] Invoking command in '/home/botshreyasi/lidar/build/my_bot_ld': CMAKE_PREFIX_PATH=/opt/ros/humble /usr/bin/cmake /home/botshreyasi/lidar/src/my_bot_ld -DAMENT_CMAKE_SYMLINK_INSTALL=1 -DCMAKE_INSTALL_PREFIX=/home/botshreyasi/lidar/install/my_bot_ld
[0.912s] -- The C compiler identification is GNU 11.4.0
[1.441s] -- The CXX compiler identification is GNU 11.4.0
[1.524s] -- Detecting C compiler ABI info
[1.717s] -- Detecting C compiler ABI info - done
[1.725s] -- Check for working C compiler: /usr/bin/cc - skipped
[1.726s] -- Detecting C compile features
[1.737s] -- Detecting C compile features - done
[1.741s] -- Detecting CXX compiler ABI info
[1.869s] -- Detecting CXX compiler ABI info - done
[1.876s] -- Check for working CXX compiler: /usr/bin/c++ - skipped
[1.877s] -- Detecting CXX compile features
[1.877s] -- Detecting CXX compile features - done
[1.927s] -- Found ament_cmake: 1.3.7 (/opt/ros/humble/share/ament_cmake/cmake)
[2.296s] -- Found Python3: /usr/bin/python3.10 (found version "3.10.12") found components: Interpreter 
[2.421s] -- Override CMake install command with custom implementation using symlinks instead of copying resources
[2.596s] -- Found ament_lint_auto: 0.12.10 (/opt/ros/humble/share/ament_lint_auto/cmake)
[2.737s] -- Added test 'copyright' to check source files copyright and LICENSE
[2.743s] -- Added test 'flake8' to check Python code syntax and style conventions
[2.744s] -- Added test 'lint_cmake' to check CMake code style
[2.745s] -- Added test 'pep257' to check Python code against some of the docstring style conventions in PEP 257
[2.748s] -- Added test 'xmllint' to check XML markup files
[2.758s] -- Configuring done
[2.761s] -- Generating done
[2.761s] -- Build files have been written to: /home/botshreyasi/lidar/build/my_bot_ld
[2.766s] Invoked command in '/home/botshreyasi/lidar/build/my_bot_ld' returned '0': CMAKE_PREFIX_PATH=/opt/ros/humble /usr/bin/cmake /home/botshreyasi/lidar/src/my_bot_ld -DAMENT_CMAKE_SYMLINK_INSTALL=1 -DCMAKE_INSTALL_PREFIX=/home/botshreyasi/lidar/install/my_bot_ld
[2.767s] Invoking command in '/home/botshreyasi/lidar/build/my_bot_ld': CMAKE_PREFIX_PATH=/opt/ros/humble /usr/bin/cmake --build /home/botshreyasi/lidar/build/my_bot_ld -- -j4 -l4
[2.803s] Invoked command in '/home/botshreyasi/lidar/build/my_bot_ld' returned '0': CMAKE_PREFIX_PATH=/opt/ros/humble /usr/bin/cmake --build /home/botshreyasi/lidar/build/my_bot_ld -- -j4 -l4
[2.831s] Invoking command in '/home/botshreyasi/lidar/build/my_bot_ld': CMAKE_PREFIX_PATH=/opt/ros/humble /usr/bin/cmake --install /home/botshreyasi/lidar/build/my_bot_ld
[2.838s] -- Install configuration: ""
[2.839s] -- Execute custom install script
[2.839s] -- Symlinking: /home/botshreyasi/lidar/install/my_bot_ld/share/my_bot_ld/config/empty.yaml
[2.848s] -- Symlinking: /home/botshreyasi/lidar/install/my_bot_ld/share/my_bot_ld/description/robot.urdf.xacro
[2.856s] -- Symlinking: /home/botshreyasi/lidar/install/my_bot_ld/share/my_bot_ld/launch/rsp.launch.py
[2.865s] -- Symlinking: /home/botshreyasi/lidar/install/my_bot_ld/share/my_bot_ld/worlds/empty.world
[2.873s] -- Symlinking: /home/botshreyasi/lidar/install/my_bot_ld/share/ament_index/resource_index/package_run_dependencies/my_bot_ld
[2.881s] -- Symlinking: /home/botshreyasi/lidar/install/my_bot_ld/share/ament_index/resource_index/parent_prefix_path/my_bot_ld
[2.890s] -- Symlinking: /home/botshreyasi/lidar/install/my_bot_ld/share/my_bot_ld/environment/ament_prefix_path.sh
[2.898s] -- Symlinking: /home/botshreyasi/lidar/install/my_bot_ld/share/my_bot_ld/environment/ament_prefix_path.dsv
[2.906s] -- Symlinking: /home/botshreyasi/lidar/install/my_bot_ld/share/my_bot_ld/environment/path.sh
[2.914s] -- Symlinking: /home/botshreyasi/lidar/install/my_bot_ld/share/my_bot_ld/environment/path.dsv
[2.922s] -- Symlinking: /home/botshreyasi/lidar/install/my_bot_ld/share/my_bot_ld/local_setup.bash
[2.930s] -- Symlinking: /home/botshreyasi/lidar/install/my_bot_ld/share/my_bot_ld/local_setup.sh
[2.939s] -- Symlinking: /home/botshreyasi/lidar/install/my_bot_ld/share/my_bot_ld/local_setup.zsh
[2.948s] -- Symlinking: /home/botshreyasi/lidar/install/my_bot_ld/share/my_bot_ld/local_setup.dsv
[2.956s] -- Symlinking: /home/botshreyasi/lidar/install/my_bot_ld/share/my_bot_ld/package.dsv
[2.964s] -- Symlinking: /home/botshreyasi/lidar/install/my_bot_ld/share/ament_index/resource_index/packages/my_bot_ld
[2.973s] -- Symlinking: /home/botshreyasi/lidar/install/my_bot_ld/share/my_bot_ld/cmake/my_bot_ldConfig.cmake
[2.981s] -- Symlinking: /home/botshreyasi/lidar/install/my_bot_ld/share/my_bot_ld/cmake/my_bot_ldConfig-version.cmake
[2.989s] -- Symlinking: /home/botshreyasi/lidar/install/my_bot_ld/share/my_bot_ld/package.xml
[2.999s] Invoked command in '/home/botshreyasi/lidar/build/my_bot_ld' returned '0': CMAKE_PREFIX_PATH=/opt/ros/humble /usr/bin/cmake --install /home/botshreyasi/lidar/build/my_bot_ld
