[4.586s] DEBUG:colcon:Command line arguments: ['/home/botshreyasi/.local/bin/colcon', 'build', '--symlink-install']
[4.586s] DEBUG:colcon:Parsed command line arguments: Namespace(log_base=None, log_level=None, verb_name='build', build_base='build', install_base='install', merge_install=False, symlink_install=True, test_result_base=None, continue_on_error=False, executor='parallel', parallel_workers=4, event_handlers=None, ignore_user_meta=False, metas=['./colcon.meta'], base_paths=['.'], packages_ignore=None, packages_ignore_regex=None, paths=None, packages_up_to=None, packages_up_to_regex=None, packages_above=None, packages_above_and_dependencies=None, packages_above_depth=None, packages_select_by_dep=None, packages_skip_by_dep=None, packages_skip_up_to=None, packages_select_build_failed=False, packages_skip_build_finished=False, packages_select_test_failures=False, packages_skip_test_passed=False, packages_select=None, packages_skip=None, packages_select_regex=None, packages_skip_regex=None, packages_start=None, packages_end=None, cmake_args=None, cmake_target=None, cmake_target_skip_unavailable=False, cmake_clean_cache=False, cmake_clean_first=False, cmake_force_configure=False, ament_cmake_args=None, catkin_cmake_args=None, catkin_skip_building_tests=False, verb_parser=<colcon_defaults.argument_parser.defaults.DefaultArgumentsDecorator object at 0x7f3b06841de0>, verb_extension=<colcon_core.verb.build.BuildVerb object at 0x7f3b068411b0>, main=<bound method BuildVerb.main of <colcon_core.verb.build.BuildVerb object at 0x7f3b068411b0>>)
[4.761s] Level 1:colcon.colcon_core.package_discovery:discover_packages(colcon_meta) check parameters
[4.761s] Level 1:colcon.colcon_core.package_discovery:discover_packages(recursive) check parameters
[4.761s] Level 1:colcon.colcon_core.package_discovery:discover_packages(ignore) check parameters
[4.761s] Level 1:colcon.colcon_core.package_discovery:discover_packages(path) check parameters
[4.761s] Level 1:colcon.colcon_core.package_discovery:discover_packages(colcon_meta) discover
[4.762s] Level 1:colcon.colcon_core.package_discovery:discover_packages(recursive) discover
[4.762s] INFO:colcon.colcon_core.package_discovery:Crawling recursively for packages in '/home/botshreyasi/lidar'
[4.762s] Level 1:colcon.colcon_core.package_identification:_identify(.) by extensions ['ignore', 'ignore_ament_install']
[4.762s] Level 1:colcon.colcon_core.package_identification:_identify(.) by extension 'ignore'
[4.762s] Level 1:colcon.colcon_core.package_identification:_identify(.) by extension 'ignore_ament_install'
[4.762s] Level 1:colcon.colcon_core.package_identification:_identify(.) by extensions ['colcon_pkg']
[4.762s] Level 1:colcon.colcon_core.package_identification:_identify(.) by extension 'colcon_pkg'
[4.762s] Level 1:colcon.colcon_core.package_identification:_identify(.) by extensions ['colcon_meta']
[4.762s] Level 1:colcon.colcon_core.package_identification:_identify(.) by extension 'colcon_meta'
[4.762s] Level 1:colcon.colcon_core.package_identification:_identify(.) by extensions ['ros']
[4.762s] Level 1:colcon.colcon_core.package_identification:_identify(.) by extension 'ros'
[4.773s] Level 1:colcon.colcon_core.package_identification:_identify(.) by extensions ['cmake', 'python']
[4.773s] Level 1:colcon.colcon_core.package_identification:_identify(.) by extension 'cmake'
[4.773s] Level 1:colcon.colcon_core.package_identification:_identify(.) by extension 'python'
[4.773s] Level 1:colcon.colcon_core.package_identification:_identify(.) by extensions ['python_setup_py']
[4.773s] Level 1:colcon.colcon_core.package_identification:_identify(.) by extension 'python_setup_py'
[4.773s] Level 1:colcon.colcon_core.package_identification:_identify(build) by extensions ['ignore', 'ignore_ament_install']
[4.773s] Level 1:colcon.colcon_core.package_identification:_identify(build) by extension 'ignore'
[4.773s] Level 1:colcon.colcon_core.package_identification:_identify(build) ignored
[4.773s] Level 1:colcon.colcon_core.package_identification:_identify(install) by extensions ['ignore', 'ignore_ament_install']
[4.773s] Level 1:colcon.colcon_core.package_identification:_identify(install) by extension 'ignore'
[4.773s] Level 1:colcon.colcon_core.package_identification:_identify(install) ignored
[4.774s] Level 1:colcon.colcon_core.package_identification:_identify(log) by extensions ['ignore', 'ignore_ament_install']
[4.774s] Level 1:colcon.colcon_core.package_identification:_identify(log) by extension 'ignore'
[4.774s] Level 1:colcon.colcon_core.package_identification:_identify(log) ignored
[4.774s] Level 1:colcon.colcon_core.package_identification:_identify(src) by extensions ['ignore', 'ignore_ament_install']
[4.774s] Level 1:colcon.colcon_core.package_identification:_identify(src) by extension 'ignore'
[4.774s] Level 1:colcon.colcon_core.package_identification:_identify(src) by extension 'ignore_ament_install'
[4.774s] Level 1:colcon.colcon_core.package_identification:_identify(src) by extensions ['colcon_pkg']
[4.774s] Level 1:colcon.colcon_core.package_identification:_identify(src) by extension 'colcon_pkg'
[4.774s] Level 1:colcon.colcon_core.package_identification:_identify(src) by extensions ['colcon_meta']
[4.774s] Level 1:colcon.colcon_core.package_identification:_identify(src) by extension 'colcon_meta'
[4.774s] Level 1:colcon.colcon_core.package_identification:_identify(src) by extensions ['ros']
[4.774s] Level 1:colcon.colcon_core.package_identification:_identify(src) by extension 'ros'
[4.774s] Level 1:colcon.colcon_core.package_identification:_identify(src) by extensions ['cmake', 'python']
[4.774s] Level 1:colcon.colcon_core.package_identification:_identify(src) by extension 'cmake'
[4.774s] Level 1:colcon.colcon_core.package_identification:_identify(src) by extension 'python'
[4.774s] Level 1:colcon.colcon_core.package_identification:_identify(src) by extensions ['python_setup_py']
[4.774s] Level 1:colcon.colcon_core.package_identification:_identify(src) by extension 'python_setup_py'
[4.775s] Level 1:colcon.colcon_core.package_identification:_identify(src/my_bot_ld) by extensions ['ignore', 'ignore_ament_install']
[4.775s] Level 1:colcon.colcon_core.package_identification:_identify(src/my_bot_ld) by extension 'ignore'
[4.775s] Level 1:colcon.colcon_core.package_identification:_identify(src/my_bot_ld) by extension 'ignore_ament_install'
[4.775s] Level 1:colcon.colcon_core.package_identification:_identify(src/my_bot_ld) by extensions ['colcon_pkg']
[4.775s] Level 1:colcon.colcon_core.package_identification:_identify(src/my_bot_ld) by extension 'colcon_pkg'
[4.775s] Level 1:colcon.colcon_core.package_identification:_identify(src/my_bot_ld) by extensions ['colcon_meta']
[4.775s] Level 1:colcon.colcon_core.package_identification:_identify(src/my_bot_ld) by extension 'colcon_meta'
[4.775s] Level 1:colcon.colcon_core.package_identification:_identify(src/my_bot_ld) by extensions ['ros']
[4.775s] Level 1:colcon.colcon_core.package_identification:_identify(src/my_bot_ld) by extension 'ros'
[4.777s] DEBUG:colcon.colcon_core.package_identification:Package 'src/my_bot_ld' with type 'ros.ament_cmake' and name 'my_bot_ld'
[4.777s] Level 1:colcon.colcon_core.package_discovery:discover_packages(recursive) using defaults
[4.777s] Level 1:colcon.colcon_core.package_discovery:discover_packages(ignore) discover
[4.777s] Level 1:colcon.colcon_core.package_discovery:discover_packages(ignore) using defaults
[4.777s] Level 1:colcon.colcon_core.package_discovery:discover_packages(path) discover
[4.777s] Level 1:colcon.colcon_core.package_discovery:discover_packages(path) using defaults
[4.970s] Level 5:colcon.colcon_core.verb:set package 'my_bot_ld' build argument 'cmake_args' from command line to 'None'
[4.970s] Level 5:colcon.colcon_core.verb:set package 'my_bot_ld' build argument 'cmake_target' from command line to 'None'
[4.970s] Level 5:colcon.colcon_core.verb:set package 'my_bot_ld' build argument 'cmake_target_skip_unavailable' from command line to 'False'
[4.970s] Level 5:colcon.colcon_core.verb:set package 'my_bot_ld' build argument 'cmake_clean_cache' from command line to 'False'
[4.970s] Level 5:colcon.colcon_core.verb:set package 'my_bot_ld' build argument 'cmake_clean_first' from command line to 'False'
[4.970s] Level 5:colcon.colcon_core.verb:set package 'my_bot_ld' build argument 'cmake_force_configure' from command line to 'False'
[4.970s] Level 5:colcon.colcon_core.verb:set package 'my_bot_ld' build argument 'ament_cmake_args' from command line to 'None'
[4.970s] Level 5:colcon.colcon_core.verb:set package 'my_bot_ld' build argument 'catkin_cmake_args' from command line to 'None'
[4.970s] Level 5:colcon.colcon_core.verb:set package 'my_bot_ld' build argument 'catkin_skip_building_tests' from command line to 'False'
[4.970s] DEBUG:colcon.colcon_core.verb:Building package 'my_bot_ld' with the following arguments: {'ament_cmake_args': None, 'build_base': '/home/botshreyasi/lidar/build/my_bot_ld', 'catkin_cmake_args': None, 'catkin_skip_building_tests': False, 'cmake_args': None, 'cmake_clean_cache': False, 'cmake_clean_first': False, 'cmake_force_configure': False, 'cmake_target': None, 'cmake_target_skip_unavailable': False, 'install_base': '/home/botshreyasi/lidar/install/my_bot_ld', 'merge_install': False, 'path': '/home/botshreyasi/lidar/src/my_bot_ld', 'symlink_install': True, 'test_result_base': None}
[4.987s] INFO:colcon.colcon_core.executor:Executing jobs using 'parallel' executor
[5.003s] DEBUG:colcon.colcon_parallel_executor.executor.parallel:run_until_complete
[5.003s] INFO:colcon.colcon_ros.task.ament_cmake.build:Building ROS package in '/home/botshreyasi/lidar/src/my_bot_ld' with build type 'ament_cmake'
[5.004s] INFO:colcon.colcon_cmake.task.cmake.build:Building CMake package in '/home/botshreyasi/lidar/src/my_bot_ld'
[5.034s] INFO:colcon.colcon_core.plugin_system:Skipping extension 'colcon_core.shell.bat': Not used on non-Windows systems
[5.034s] INFO:colcon.colcon_core.shell:Skip shell extension 'powershell' for command environment: Not usable outside of PowerShell
[5.034s] DEBUG:colcon.colcon_core.shell:Skip shell extension 'dsv' for command environment
[5.136s] DEBUG:colcon.colcon_core.event_handler.log_command:Invoking command in '/home/botshreyasi/lidar/build/my_bot_ld': CMAKE_PREFIX_PATH=/opt/ros/humble /usr/bin/cmake --build /home/botshreyasi/lidar/build/my_bot_ld -- -j4 -l4
[5.225s] DEBUG:colcon.colcon_core.event_handler.log_command:Invoked command in '/home/botshreyasi/lidar/build/my_bot_ld' returned '0': CMAKE_PREFIX_PATH=/opt/ros/humble /usr/bin/cmake --build /home/botshreyasi/lidar/build/my_bot_ld -- -j4 -l4
[5.256s] DEBUG:colcon.colcon_core.event_handler.log_command:Invoking command in '/home/botshreyasi/lidar/build/my_bot_ld': CMAKE_PREFIX_PATH=/opt/ros/humble /usr/bin/cmake --install /home/botshreyasi/lidar/build/my_bot_ld
[5.318s] Level 1:colcon.colcon_core.environment:create_environment_scripts_only(my_bot_ld)
[5.319s] DEBUG:colcon.colcon_core.event_handler.log_command:Invoked command in '/home/botshreyasi/lidar/build/my_bot_ld' returned '0': CMAKE_PREFIX_PATH=/opt/ros/humble /usr/bin/cmake --install /home/botshreyasi/lidar/build/my_bot_ld
[5.337s] Level 1:colcon.colcon_core.environment:checking '/home/botshreyasi/lidar/install/my_bot_ld' for CMake module files
[5.338s] Level 1:colcon.colcon_core.environment:checking '/home/botshreyasi/lidar/install/my_bot_ld' for CMake config files
[5.338s] Level 1:colcon.colcon_core.shell:create_environment_hook('my_bot_ld', 'cmake_prefix_path')
[5.352s] INFO:colcon.colcon_core.shell:Creating environment hook '/home/botshreyasi/lidar/install/my_bot_ld/share/my_bot_ld/hook/cmake_prefix_path.ps1'
[5.353s] INFO:colcon.colcon_core.shell:Creating environment descriptor '/home/botshreyasi/lidar/install/my_bot_ld/share/my_bot_ld/hook/cmake_prefix_path.dsv'
[5.354s] INFO:colcon.colcon_core.shell:Creating environment hook '/home/botshreyasi/lidar/install/my_bot_ld/share/my_bot_ld/hook/cmake_prefix_path.sh'
[5.355s] Level 1:colcon.colcon_core.environment:checking '/home/botshreyasi/lidar/install/my_bot_ld/bin'
[5.355s] Level 1:colcon.colcon_core.environment:checking '/home/botshreyasi/lidar/install/my_bot_ld/lib/pkgconfig/my_bot_ld.pc'
[5.375s] Level 1:colcon.colcon_core.environment:checking '/home/botshreyasi/lidar/install/my_bot_ld/lib/python3.10/site-packages'
[5.375s] Level 1:colcon.colcon_core.environment:checking '/home/botshreyasi/lidar/install/my_bot_ld/bin'
[5.390s] INFO:colcon.colcon_core.shell:Creating package script '/home/botshreyasi/lidar/install/my_bot_ld/share/my_bot_ld/package.ps1'
[5.390s] INFO:colcon.colcon_core.shell:Creating package descriptor '/home/botshreyasi/lidar/install/my_bot_ld/share/my_bot_ld/package.dsv'
[5.391s] INFO:colcon.colcon_core.shell:Creating package script '/home/botshreyasi/lidar/install/my_bot_ld/share/my_bot_ld/package.sh'
[5.392s] INFO:colcon.colcon_core.shell:Creating package script '/home/botshreyasi/lidar/install/my_bot_ld/share/my_bot_ld/package.bash'
[5.393s] INFO:colcon.colcon_core.shell:Creating package script '/home/botshreyasi/lidar/install/my_bot_ld/share/my_bot_ld/package.zsh'
[5.393s] Level 1:colcon.colcon_core.environment:create_file_with_runtime_dependencies(/home/botshreyasi/lidar/install/my_bot_ld/share/colcon-core/packages/my_bot_ld)
[5.427s] Level 1:colcon.colcon_core.environment:create_environment_scripts_only(my_bot_ld)
[5.443s] Level 1:colcon.colcon_core.environment:checking '/home/botshreyasi/lidar/install/my_bot_ld' for CMake module files
[5.443s] Level 1:colcon.colcon_core.environment:checking '/home/botshreyasi/lidar/install/my_bot_ld' for CMake config files
[5.443s] Level 1:colcon.colcon_core.shell:create_environment_hook('my_bot_ld', 'cmake_prefix_path')
[5.458s] INFO:colcon.colcon_core.shell:Creating environment hook '/home/botshreyasi/lidar/install/my_bot_ld/share/my_bot_ld/hook/cmake_prefix_path.ps1'
[5.458s] INFO:colcon.colcon_core.shell:Creating environment descriptor '/home/botshreyasi/lidar/install/my_bot_ld/share/my_bot_ld/hook/cmake_prefix_path.dsv'
[5.459s] INFO:colcon.colcon_core.shell:Creating environment hook '/home/botshreyasi/lidar/install/my_bot_ld/share/my_bot_ld/hook/cmake_prefix_path.sh'
[5.459s] Level 1:colcon.colcon_core.environment:checking '/home/botshreyasi/lidar/install/my_bot_ld/bin'
[5.459s] Level 1:colcon.colcon_core.environment:checking '/home/botshreyasi/lidar/install/my_bot_ld/lib/pkgconfig/my_bot_ld.pc'
[5.459s] Level 1:colcon.colcon_core.environment:checking '/home/botshreyasi/lidar/install/my_bot_ld/lib/python3.10/site-packages'
[5.460s] Level 1:colcon.colcon_core.environment:checking '/home/botshreyasi/lidar/install/my_bot_ld/bin'
[5.474s] INFO:colcon.colcon_core.shell:Creating package script '/home/botshreyasi/lidar/install/my_bot_ld/share/my_bot_ld/package.ps1'
[5.475s] INFO:colcon.colcon_core.shell:Creating package descriptor '/home/botshreyasi/lidar/install/my_bot_ld/share/my_bot_ld/package.dsv'
[5.475s] INFO:colcon.colcon_core.shell:Creating package script '/home/botshreyasi/lidar/install/my_bot_ld/share/my_bot_ld/package.sh'
[5.475s] INFO:colcon.colcon_core.shell:Creating package script '/home/botshreyasi/lidar/install/my_bot_ld/share/my_bot_ld/package.bash'
[5.476s] INFO:colcon.colcon_core.shell:Creating package script '/home/botshreyasi/lidar/install/my_bot_ld/share/my_bot_ld/package.zsh'
[5.476s] Level 1:colcon.colcon_core.environment:create_file_with_runtime_dependencies(/home/botshreyasi/lidar/install/my_bot_ld/share/colcon-core/packages/my_bot_ld)
[5.477s] DEBUG:colcon.colcon_parallel_executor.executor.parallel:closing loop
[5.477s] DEBUG:colcon.colcon_parallel_executor.executor.parallel:loop closed
[5.477s] DEBUG:colcon.colcon_parallel_executor.executor.parallel:run_until_complete finished with '0'
[5.477s] DEBUG:colcon.colcon_core.event_reactor:joining thread
[5.528s] INFO:colcon.colcon_core.plugin_system:Skipping extension 'colcon_notification.desktop_notification.terminal_notifier': Not used on non-Darwin systems
[5.528s] INFO:colcon.colcon_core.plugin_system:Skipping extension 'colcon_notification.desktop_notification.win32': Not used on non-Windows systems
[5.528s] INFO:colcon.colcon_notification.desktop_notification:Sending desktop notification using 'notify2'
[5.543s] DEBUG:colcon.colcon_core.event_reactor:joined thread
[5.558s] INFO:colcon.colcon_core.shell:Creating prefix script '/home/botshreyasi/lidar/install/local_setup.ps1'
[5.559s] INFO:colcon.colcon_core.shell:Creating prefix util module '/home/botshreyasi/lidar/install/_local_setup_util_ps1.py'
[5.561s] INFO:colcon.colcon_core.shell:Creating prefix chain script '/home/botshreyasi/lidar/install/setup.ps1'
[5.576s] INFO:colcon.colcon_core.shell:Creating prefix script '/home/botshreyasi/lidar/install/local_setup.sh'
[5.577s] INFO:colcon.colcon_core.shell:Creating prefix util module '/home/botshreyasi/lidar/install/_local_setup_util_sh.py'
[5.577s] INFO:colcon.colcon_core.shell:Creating prefix chain script '/home/botshreyasi/lidar/install/setup.sh'
[5.593s] INFO:colcon.colcon_core.shell:Creating prefix script '/home/botshreyasi/lidar/install/local_setup.bash'
[5.594s] INFO:colcon.colcon_core.shell:Creating prefix chain script '/home/botshreyasi/lidar/install/setup.bash'
[5.610s] INFO:colcon.colcon_core.shell:Creating prefix script '/home/botshreyasi/lidar/install/local_setup.zsh'
[5.610s] INFO:colcon.colcon_core.shell:Creating prefix chain script '/home/botshreyasi/lidar/install/setup.zsh'
