[5.223s] DEBUG:colcon:Command line arguments: ['/home/botshreyasi/.local/bin/colcon', 'build', '--symlink-install']
[5.224s] DEBUG:colcon:Parsed command line arguments: Namespace(log_base=None, log_level=None, verb_name='build', build_base='build', install_base='install', merge_install=False, symlink_install=True, test_result_base=None, continue_on_error=False, executor='parallel', parallel_workers=4, event_handlers=None, ignore_user_meta=False, metas=['./colcon.meta'], base_paths=['.'], packages_ignore=None, packages_ignore_regex=None, paths=None, packages_up_to=None, packages_up_to_regex=None, packages_above=None, packages_above_and_dependencies=None, packages_above_depth=None, packages_select_by_dep=None, packages_skip_by_dep=None, packages_skip_up_to=None, packages_select_build_failed=False, packages_skip_build_finished=False, packages_select_test_failures=False, packages_skip_test_passed=False, packages_select=None, packages_skip=None, packages_select_regex=None, packages_skip_regex=None, packages_start=None, packages_end=None, cmake_args=None, cmake_target=None, cmake_target_skip_unavailable=False, cmake_clean_cache=False, cmake_clean_first=False, cmake_force_configure=False, ament_cmake_args=None, catkin_cmake_args=None, catkin_skip_building_tests=False, verb_parser=<colcon_defaults.argument_parser.defaults.DefaultArgumentsDecorator object at 0x7f64ac449cf0>, verb_extension=<colcon_core.verb.build.BuildVerb object at 0x7f64ac449120>, main=<bound method BuildVerb.main of <colcon_core.verb.build.BuildVerb object at 0x7f64ac449120>>)
[5.750s] Level 1:colcon.colcon_core.package_discovery:discover_packages(colcon_meta) check parameters
[5.750s] Level 1:colcon.colcon_core.package_discovery:discover_packages(recursive) check parameters
[5.750s] Level 1:colcon.colcon_core.package_discovery:discover_packages(ignore) check parameters
[5.751s] Level 1:colcon.colcon_core.package_discovery:discover_packages(path) check parameters
[5.751s] Level 1:colcon.colcon_core.package_discovery:discover_packages(colcon_meta) discover
[5.751s] Level 1:colcon.colcon_core.package_discovery:discover_packages(recursive) discover
[5.751s] INFO:colcon.colcon_core.package_discovery:Crawling recursively for packages in '/home/botshreyasi/lidar'
[5.751s] Level 1:colcon.colcon_core.package_identification:_identify(.) by extensions ['ignore', 'ignore_ament_install']
[5.751s] Level 1:colcon.colcon_core.package_identification:_identify(.) by extension 'ignore'
[5.752s] Level 1:colcon.colcon_core.package_identification:_identify(.) by extension 'ignore_ament_install'
[5.752s] Level 1:colcon.colcon_core.package_identification:_identify(.) by extensions ['colcon_pkg']
[5.752s] Level 1:colcon.colcon_core.package_identification:_identify(.) by extension 'colcon_pkg'
[5.752s] Level 1:colcon.colcon_core.package_identification:_identify(.) by extensions ['colcon_meta']
[5.752s] Level 1:colcon.colcon_core.package_identification:_identify(.) by extension 'colcon_meta'
[5.752s] Level 1:colcon.colcon_core.package_identification:_identify(.) by extensions ['ros']
[5.752s] Level 1:colcon.colcon_core.package_identification:_identify(.) by extension 'ros'
[5.778s] Level 1:colcon.colcon_core.package_identification:_identify(.) by extensions ['cmake', 'python']
[5.778s] Level 1:colcon.colcon_core.package_identification:_identify(.) by extension 'cmake'
[5.778s] Level 1:colcon.colcon_core.package_identification:_identify(.) by extension 'python'
[5.778s] Level 1:colcon.colcon_core.package_identification:_identify(.) by extensions ['python_setup_py']
[5.778s] Level 1:colcon.colcon_core.package_identification:_identify(.) by extension 'python_setup_py'
[5.778s] Level 1:colcon.colcon_core.package_identification:_identify(build) by extensions ['ignore', 'ignore_ament_install']
[5.779s] Level 1:colcon.colcon_core.package_identification:_identify(build) by extension 'ignore'
[5.779s] Level 1:colcon.colcon_core.package_identification:_identify(build) ignored
[5.779s] Level 1:colcon.colcon_core.package_identification:_identify(install) by extensions ['ignore', 'ignore_ament_install']
[5.779s] Level 1:colcon.colcon_core.package_identification:_identify(install) by extension 'ignore'
[5.779s] Level 1:colcon.colcon_core.package_identification:_identify(install) ignored
[5.780s] Level 1:colcon.colcon_core.package_identification:_identify(log) by extensions ['ignore', 'ignore_ament_install']
[5.780s] Level 1:colcon.colcon_core.package_identification:_identify(log) by extension 'ignore'
[5.780s] Level 1:colcon.colcon_core.package_identification:_identify(log) ignored
[5.780s] Level 1:colcon.colcon_core.package_identification:_identify(src) by extensions ['ignore', 'ignore_ament_install']
[5.780s] Level 1:colcon.colcon_core.package_identification:_identify(src) by extension 'ignore'
[5.780s] Level 1:colcon.colcon_core.package_identification:_identify(src) by extension 'ignore_ament_install'
[5.781s] Level 1:colcon.colcon_core.package_identification:_identify(src) by extensions ['colcon_pkg']
[5.781s] Level 1:colcon.colcon_core.package_identification:_identify(src) by extension 'colcon_pkg'
[5.781s] Level 1:colcon.colcon_core.package_identification:_identify(src) by extensions ['colcon_meta']
[5.781s] Level 1:colcon.colcon_core.package_identification:_identify(src) by extension 'colcon_meta'
[5.781s] Level 1:colcon.colcon_core.package_identification:_identify(src) by extensions ['ros']
[5.781s] Level 1:colcon.colcon_core.package_identification:_identify(src) by extension 'ros'
[5.781s] Level 1:colcon.colcon_core.package_identification:_identify(src) by extensions ['cmake', 'python']
[5.781s] Level 1:colcon.colcon_core.package_identification:_identify(src) by extension 'cmake'
[5.781s] Level 1:colcon.colcon_core.package_identification:_identify(src) by extension 'python'
[5.782s] Level 1:colcon.colcon_core.package_identification:_identify(src) by extensions ['python_setup_py']
[5.782s] Level 1:colcon.colcon_core.package_identification:_identify(src) by extension 'python_setup_py'
[5.782s] Level 1:colcon.colcon_core.package_identification:_identify(src/my_bot_ld) by extensions ['ignore', 'ignore_ament_install']
[5.782s] Level 1:colcon.colcon_core.package_identification:_identify(src/my_bot_ld) by extension 'ignore'
[5.782s] Level 1:colcon.colcon_core.package_identification:_identify(src/my_bot_ld) by extension 'ignore_ament_install'
[5.782s] Level 1:colcon.colcon_core.package_identification:_identify(src/my_bot_ld) by extensions ['colcon_pkg']
[5.782s] Level 1:colcon.colcon_core.package_identification:_identify(src/my_bot_ld) by extension 'colcon_pkg'
[5.783s] Level 1:colcon.colcon_core.package_identification:_identify(src/my_bot_ld) by extensions ['colcon_meta']
[5.783s] Level 1:colcon.colcon_core.package_identification:_identify(src/my_bot_ld) by extension 'colcon_meta'
[5.783s] Level 1:colcon.colcon_core.package_identification:_identify(src/my_bot_ld) by extensions ['ros']
[5.783s] Level 1:colcon.colcon_core.package_identification:_identify(src/my_bot_ld) by extension 'ros'
[5.808s] DEBUG:colcon.colcon_core.package_identification:Package 'src/my_bot_ld' with type 'ros.ament_cmake' and name 'my_bot_ld'
[5.808s] Level 1:colcon.colcon_core.package_discovery:discover_packages(recursive) using defaults
[5.808s] Level 1:colcon.colcon_core.package_discovery:discover_packages(ignore) discover
[5.808s] Level 1:colcon.colcon_core.package_discovery:discover_packages(ignore) using defaults
[5.808s] Level 1:colcon.colcon_core.package_discovery:discover_packages(path) discover
[5.808s] Level 1:colcon.colcon_core.package_discovery:discover_packages(path) using defaults
[6.212s] Level 5:colcon.colcon_core.verb:set package 'my_bot_ld' build argument 'cmake_args' from command line to 'None'
[6.212s] Level 5:colcon.colcon_core.verb:set package 'my_bot_ld' build argument 'cmake_target' from command line to 'None'
[6.212s] Level 5:colcon.colcon_core.verb:set package 'my_bot_ld' build argument 'cmake_target_skip_unavailable' from command line to 'False'
[6.212s] Level 5:colcon.colcon_core.verb:set package 'my_bot_ld' build argument 'cmake_clean_cache' from command line to 'False'
[6.212s] Level 5:colcon.colcon_core.verb:set package 'my_bot_ld' build argument 'cmake_clean_first' from command line to 'False'
[6.212s] Level 5:colcon.colcon_core.verb:set package 'my_bot_ld' build argument 'cmake_force_configure' from command line to 'False'
[6.212s] Level 5:colcon.colcon_core.verb:set package 'my_bot_ld' build argument 'ament_cmake_args' from command line to 'None'
[6.212s] Level 5:colcon.colcon_core.verb:set package 'my_bot_ld' build argument 'catkin_cmake_args' from command line to 'None'
[6.212s] Level 5:colcon.colcon_core.verb:set package 'my_bot_ld' build argument 'catkin_skip_building_tests' from command line to 'False'
[6.212s] DEBUG:colcon.colcon_core.verb:Building package 'my_bot_ld' with the following arguments: {'ament_cmake_args': None, 'build_base': '/home/botshreyasi/lidar/build/my_bot_ld', 'catkin_cmake_args': None, 'catkin_skip_building_tests': False, 'cmake_args': None, 'cmake_clean_cache': False, 'cmake_clean_first': False, 'cmake_force_configure': False, 'cmake_target': None, 'cmake_target_skip_unavailable': False, 'install_base': '/home/botshreyasi/lidar/install/my_bot_ld', 'merge_install': False, 'path': '/home/botshreyasi/lidar/src/my_bot_ld', 'symlink_install': True, 'test_result_base': None}
[6.231s] INFO:colcon.colcon_core.executor:Executing jobs using 'parallel' executor
[6.248s] DEBUG:colcon.colcon_parallel_executor.executor.parallel:run_until_complete
[6.248s] INFO:colcon.colcon_ros.task.ament_cmake.build:Building ROS package in '/home/botshreyasi/lidar/src/my_bot_ld' with build type 'ament_cmake'
[6.249s] INFO:colcon.colcon_cmake.task.cmake.build:Building CMake package in '/home/botshreyasi/lidar/src/my_bot_ld'
[6.319s] INFO:colcon.colcon_core.plugin_system:Skipping extension 'colcon_core.shell.bat': Not used on non-Windows systems
[6.320s] INFO:colcon.colcon_core.shell:Skip shell extension 'powershell' for command environment: Not usable outside of PowerShell
[6.320s] DEBUG:colcon.colcon_core.shell:Skip shell extension 'dsv' for command environment
[6.501s] DEBUG:colcon.colcon_core.event_handler.log_command:Invoking command in '/home/botshreyasi/lidar/build/my_bot_ld': CMAKE_PREFIX_PATH=${CMAKE_PREFIX_PATH}:/opt/ros/humble /usr/bin/cmake --build /home/botshreyasi/lidar/build/my_bot_ld -- -j4 -l4
[6.906s] DEBUG:colcon.colcon_core.event_handler.log_command:Invoked command in '/home/botshreyasi/lidar/build/my_bot_ld' returned '0': CMAKE_PREFIX_PATH=${CMAKE_PREFIX_PATH}:/opt/ros/humble /usr/bin/cmake --build /home/botshreyasi/lidar/build/my_bot_ld -- -j4 -l4
[6.934s] DEBUG:colcon.colcon_core.event_handler.log_command:Invoking command in '/home/botshreyasi/lidar/build/my_bot_ld': CMAKE_PREFIX_PATH=${CMAKE_PREFIX_PATH}:/opt/ros/humble /usr/bin/cmake --install /home/botshreyasi/lidar/build/my_bot_ld
[6.992s] Level 1:colcon.colcon_core.environment:create_environment_scripts_only(my_bot_ld)
[6.992s] DEBUG:colcon.colcon_core.event_handler.log_command:Invoked command in '/home/botshreyasi/lidar/build/my_bot_ld' returned '0': CMAKE_PREFIX_PATH=${CMAKE_PREFIX_PATH}:/opt/ros/humble /usr/bin/cmake --install /home/botshreyasi/lidar/build/my_bot_ld
[7.145s] Level 1:colcon.colcon_core.environment:checking '/home/botshreyasi/lidar/install/my_bot_ld' for CMake module files
[7.146s] Level 1:colcon.colcon_core.environment:checking '/home/botshreyasi/lidar/install/my_bot_ld' for CMake config files
[7.146s] Level 1:colcon.colcon_core.shell:create_environment_hook('my_bot_ld', 'cmake_prefix_path')
[7.169s] INFO:colcon.colcon_core.shell:Creating environment hook '/home/botshreyasi/lidar/install/my_bot_ld/share/my_bot_ld/hook/cmake_prefix_path.ps1'
[7.209s] INFO:colcon.colcon_core.shell:Creating environment descriptor '/home/botshreyasi/lidar/install/my_bot_ld/share/my_bot_ld/hook/cmake_prefix_path.dsv'
[7.222s] INFO:colcon.colcon_core.shell:Creating environment hook '/home/botshreyasi/lidar/install/my_bot_ld/share/my_bot_ld/hook/cmake_prefix_path.sh'
[7.224s] Level 1:colcon.colcon_core.environment:checking '/home/botshreyasi/lidar/install/my_bot_ld/bin'
[7.224s] Level 1:colcon.colcon_core.environment:checking '/home/botshreyasi/lidar/install/my_bot_ld/lib/pkgconfig/my_bot_ld.pc'
[7.243s] Level 1:colcon.colcon_core.environment:checking '/home/botshreyasi/lidar/install/my_bot_ld/lib/python3.10/site-packages'
[7.244s] Level 1:colcon.colcon_core.environment:checking '/home/botshreyasi/lidar/install/my_bot_ld/bin'
[7.284s] INFO:colcon.colcon_core.shell:Creating package script '/home/botshreyasi/lidar/install/my_bot_ld/share/my_bot_ld/package.ps1'
[7.286s] INFO:colcon.colcon_core.shell:Creating package descriptor '/home/botshreyasi/lidar/install/my_bot_ld/share/my_bot_ld/package.dsv'
[7.287s] INFO:colcon.colcon_core.shell:Creating package script '/home/botshreyasi/lidar/install/my_bot_ld/share/my_bot_ld/package.sh'
[7.289s] INFO:colcon.colcon_core.shell:Creating package script '/home/botshreyasi/lidar/install/my_bot_ld/share/my_bot_ld/package.bash'
[7.291s] INFO:colcon.colcon_core.shell:Creating package script '/home/botshreyasi/lidar/install/my_bot_ld/share/my_bot_ld/package.zsh'
[7.324s] Level 1:colcon.colcon_core.environment:create_file_with_runtime_dependencies(/home/botshreyasi/lidar/install/my_bot_ld/share/colcon-core/packages/my_bot_ld)
[7.363s] Level 1:colcon.colcon_core.environment:create_environment_scripts_only(my_bot_ld)
[7.376s] Level 1:colcon.colcon_core.environment:checking '/home/botshreyasi/lidar/install/my_bot_ld' for CMake module files
[7.377s] Level 1:colcon.colcon_core.environment:checking '/home/botshreyasi/lidar/install/my_bot_ld' for CMake config files
[7.377s] Level 1:colcon.colcon_core.shell:create_environment_hook('my_bot_ld', 'cmake_prefix_path')
[7.392s] INFO:colcon.colcon_core.shell:Creating environment hook '/home/botshreyasi/lidar/install/my_bot_ld/share/my_bot_ld/hook/cmake_prefix_path.ps1'
[7.392s] INFO:colcon.colcon_core.shell:Creating environment descriptor '/home/botshreyasi/lidar/install/my_bot_ld/share/my_bot_ld/hook/cmake_prefix_path.dsv'
[7.393s] INFO:colcon.colcon_core.shell:Creating environment hook '/home/botshreyasi/lidar/install/my_bot_ld/share/my_bot_ld/hook/cmake_prefix_path.sh'
[7.393s] Level 1:colcon.colcon_core.environment:checking '/home/botshreyasi/lidar/install/my_bot_ld/bin'
[7.393s] Level 1:colcon.colcon_core.environment:checking '/home/botshreyasi/lidar/install/my_bot_ld/lib/pkgconfig/my_bot_ld.pc'
[7.394s] Level 1:colcon.colcon_core.environment:checking '/home/botshreyasi/lidar/install/my_bot_ld/lib/python3.10/site-packages'
[7.394s] Level 1:colcon.colcon_core.environment:checking '/home/botshreyasi/lidar/install/my_bot_ld/bin'
[7.409s] INFO:colcon.colcon_core.shell:Creating package script '/home/botshreyasi/lidar/install/my_bot_ld/share/my_bot_ld/package.ps1'
[7.410s] INFO:colcon.colcon_core.shell:Creating package descriptor '/home/botshreyasi/lidar/install/my_bot_ld/share/my_bot_ld/package.dsv'
[7.410s] INFO:colcon.colcon_core.shell:Creating package script '/home/botshreyasi/lidar/install/my_bot_ld/share/my_bot_ld/package.sh'
[7.411s] INFO:colcon.colcon_core.shell:Creating package script '/home/botshreyasi/lidar/install/my_bot_ld/share/my_bot_ld/package.bash'
[7.411s] INFO:colcon.colcon_core.shell:Creating package script '/home/botshreyasi/lidar/install/my_bot_ld/share/my_bot_ld/package.zsh'
[7.411s] Level 1:colcon.colcon_core.environment:create_file_with_runtime_dependencies(/home/botshreyasi/lidar/install/my_bot_ld/share/colcon-core/packages/my_bot_ld)
[7.412s] DEBUG:colcon.colcon_parallel_executor.executor.parallel:closing loop
[7.412s] DEBUG:colcon.colcon_parallel_executor.executor.parallel:loop closed
[7.412s] DEBUG:colcon.colcon_parallel_executor.executor.parallel:run_until_complete finished with '0'
[7.412s] DEBUG:colcon.colcon_core.event_reactor:joining thread
[7.459s] INFO:colcon.colcon_core.plugin_system:Skipping extension 'colcon_notification.desktop_notification.terminal_notifier': Not used on non-Darwin systems
[7.459s] INFO:colcon.colcon_core.plugin_system:Skipping extension 'colcon_notification.desktop_notification.win32': Not used on non-Windows systems
[7.459s] INFO:colcon.colcon_notification.desktop_notification:Sending desktop notification using 'notify2'
[7.474s] DEBUG:colcon.colcon_core.event_reactor:joined thread
[7.489s] INFO:colcon.colcon_core.shell:Creating prefix script '/home/botshreyasi/lidar/install/local_setup.ps1'
[7.490s] INFO:colcon.colcon_core.shell:Creating prefix util module '/home/botshreyasi/lidar/install/_local_setup_util_ps1.py'
[7.492s] INFO:colcon.colcon_core.shell:Creating prefix chain script '/home/botshreyasi/lidar/install/setup.ps1'
[7.507s] INFO:colcon.colcon_core.shell:Creating prefix script '/home/botshreyasi/lidar/install/local_setup.sh'
[7.508s] INFO:colcon.colcon_core.shell:Creating prefix util module '/home/botshreyasi/lidar/install/_local_setup_util_sh.py'
[7.508s] INFO:colcon.colcon_core.shell:Creating prefix chain script '/home/botshreyasi/lidar/install/setup.sh'
[7.525s] INFO:colcon.colcon_core.shell:Creating prefix script '/home/botshreyasi/lidar/install/local_setup.bash'
[7.525s] INFO:colcon.colcon_core.shell:Creating prefix chain script '/home/botshreyasi/lidar/install/setup.bash'
[7.541s] INFO:colcon.colcon_core.shell:Creating prefix script '/home/botshreyasi/lidar/install/local_setup.zsh'
[7.542s] INFO:colcon.colcon_core.shell:Creating prefix chain script '/home/botshreyasi/lidar/install/setup.zsh'
